0 info it worked if it ends with ok
1 verbose cli [ '/Users/Hemanth/.nvm/versions/node/v5.1.0/bin/node',
1 verbose cli   '/Users/Hemanth/.nvm/versions/node/v5.1.0/bin/npm',
1 verbose cli   'publish' ]
2 info using npm@3.3.12
3 info using node@v5.1.0
4 verbose publish [ '.' ]
5 silly cache add args [ '.', null ]
6 verbose cache add spec .
7 silly cache add parsed spec Result {
7 silly cache add   raw: '.',
7 silly cache add   scope: null,
7 silly cache add   name: null,
7 silly cache add   rawSpec: '.',
7 silly cache add   spec: '/Users/Hemanth/labs/fixed-path',
7 silly cache add   type: 'directory' }
8 verbose addLocalDirectory /Users/Hemanth/.npm/fixed-path/1.0.0/package.tgz not in flight; packing
9 info lifecycle fixed-path@1.0.0~prepublish: fixed-path@1.0.0
10 silly lifecycle fixed-path@1.0.0~prepublish: no script for prepublish, continuing
11 verbose tar pack [ '/Users/Hemanth/.npm/fixed-path/1.0.0/package.tgz',
11 verbose tar pack   '/Users/Hemanth/labs/fixed-path' ]
12 verbose tarball /Users/Hemanth/.npm/fixed-path/1.0.0/package.tgz
13 verbose folder /Users/Hemanth/labs/fixed-path
14 verbose addLocalTarball adding from inside cache /Users/Hemanth/.npm/fixed-path/1.0.0/package.tgz
15 silly cache afterAdd fixed-path@1.0.0
16 verbose afterAdd /Users/Hemanth/.npm/fixed-path/1.0.0/package/package.json not in flight; writing
17 verbose afterAdd /Users/Hemanth/.npm/fixed-path/1.0.0/package/package.json written
18 silly publish { name: 'fixed-path',
18 silly publish   version: '1.0.0',
18 silly publish   description: 'resolved and normalized path.',
18 silly publish   license: 'MIT',
18 silly publish   repository:
18 silly publish    { type: 'git',
18 silly publish      url: 'git+https://github.com/hemanth/fixed-path.git' },
18 silly publish   author:
18 silly publish    { name: 'Hemanth.HM',
18 silly publish      email: 'hemanth.hm@gmail.com',
18 silly publish      url: 'h3manth.com' },
18 silly publish   engines: { node: '>=0.10.0' },
18 silly publish   scripts: { test: 'xo && ava' },
18 silly publish   files: [ 'index.js' ],
18 silly publish   keywords: [ 'resolve', 'normalize', 'filepath' ],
18 silly publish   dependencies: {},
18 silly publish   devDependencies: { ava: '^0.5.0', xo: '^0.11.2' },
18 silly publish   xo: { ignores: [ 'test.js' ] },
18 silly publish   readme: '# fixed-path [![Build Status](https://travis-ci.org/hemanth/fixed-path.svg?branch=master)](https://travis-ci.org/hemanth/fixed-path)\n\n> resolved and normalized path.\n\n\n## Install\n\n```\n$ npm install --save fixed-path\n```\n\n\n## Usage\n\n```js\nconst fixPath = require(\'fixed-path\');\n\nfixPath(\'./index.js\', (err, fixedPath) => {\n\tconsole.log(fixPath); // /Users/Hemanth/labs/fixed-path/index.js\n});\n```\n\n## License\n\nMIT © [Hemanth.HM](http://h3manth.com)\n',
18 silly publish   readmeFilename: 'readme.md',
18 silly publish   gitHead: '4f731799bf319b180b8720fe979f8978b9eebe70',
18 silly publish   bugs: { url: 'https://github.com/hemanth/fixed-path/issues' },
18 silly publish   homepage: 'https://github.com/hemanth/fixed-path#readme',
18 silly publish   _id: 'fixed-path@1.0.0',
18 silly publish   _shasum: 'df303e817d3a79307664c6e0f6cf15555a5c0a16',
18 silly publish   _from: '.' }
19 verbose getPublishConfig undefined
20 silly mapToRegistry name fixed-path
21 silly mapToRegistry using default registry
22 silly mapToRegistry registry https://registry.npmjs.org/
23 silly mapToRegistry uri https://registry.npmjs.org/fixed-path
24 verbose publish registryBase https://registry.npmjs.org/
25 silly publish uploading /Users/Hemanth/.npm/fixed-path/1.0.0/package.tgz
26 verbose request uri https://registry.npmjs.org/fixed-path
27 verbose request sending authorization for write operation
28 info attempt registry request try #1 at 8:46:10 PM
29 verbose request using bearer token for auth
30 verbose request id ac1d5c8229d3d3e9
31 http request PUT https://registry.npmjs.org/fixed-path
32 http 403 https://registry.npmjs.org/fixed-path
33 verbose headers { 'content-type': 'application/json',
33 verbose headers   'cache-control': 'max-age=300',
33 verbose headers   'content-length': '100',
33 verbose headers   'accept-ranges': 'bytes',
33 verbose headers   date: 'Mon, 28 Dec 2015 15:14:26 GMT',
33 verbose headers   via: '1.1 varnish',
33 verbose headers   connection: 'keep-alive',
33 verbose headers   'x-served-by': 'cache-sin6923-SIN',
33 verbose headers   'x-cache': 'MISS',
33 verbose headers   'x-cache-hits': '0',
33 verbose headers   'x-timer': 'S1451315665.254073,VS0,VE941' }
34 verbose request invalidating /Users/Hemanth/.npm/registry.npmjs.org/fixed-path on PUT
35 error publish Failed PUT 403
36 verbose stack Error: You do not have permission to publish 'fixed-path'. Are you logged in as the correct user? : fixed-path
36 verbose stack     at makeError (/Users/Hemanth/.nvm/versions/node/v5.1.0/lib/node_modules/npm/node_modules/npm-registry-client/lib/request.js:264:12)
36 verbose stack     at CachingRegistryClient.<anonymous> (/Users/Hemanth/.nvm/versions/node/v5.1.0/lib/node_modules/npm/node_modules/npm-registry-client/lib/request.js:252:14)
36 verbose stack     at Request._callback (/Users/Hemanth/.nvm/versions/node/v5.1.0/lib/node_modules/npm/node_modules/npm-registry-client/lib/request.js:172:14)
36 verbose stack     at Request.self.callback (/Users/Hemanth/.nvm/versions/node/v5.1.0/lib/node_modules/npm/node_modules/request/request.js:198:22)
36 verbose stack     at emitTwo (events.js:87:13)
36 verbose stack     at Request.emit (events.js:172:7)
36 verbose stack     at Request.<anonymous> (/Users/Hemanth/.nvm/versions/node/v5.1.0/lib/node_modules/npm/node_modules/request/request.js:1082:10)
36 verbose stack     at emitOne (events.js:82:20)
36 verbose stack     at Request.emit (events.js:169:7)
36 verbose stack     at IncomingMessage.<anonymous> (/Users/Hemanth/.nvm/versions/node/v5.1.0/lib/node_modules/npm/node_modules/request/request.js:1009:12)
37 verbose statusCode 403
38 verbose pkgid fixed-path
39 verbose cwd /Users/Hemanth/labs/fixed-path
40 error Darwin 15.0.0
41 error argv "/Users/Hemanth/.nvm/versions/node/v5.1.0/bin/node" "/Users/Hemanth/.nvm/versions/node/v5.1.0/bin/npm" "publish"
42 error node v5.1.0
43 error npm  v3.3.12
44 error code E403
45 error You do not have permission to publish 'fixed-path'. Are you logged in as the correct user? : fixed-path
46 error If you need help, you may report this error at:
46 error     <https://github.com/npm/npm/issues>
47 verbose exit [ 1, true ]
